# JRE version: OpenJDK Runtime Environment Temurin-17.0.3+7 (17.0.3+7) (build 17.0.3+7)
# Java VM: OpenJDK 64-Bit Server VM Temurin-17.0.3+7 (17.0.3+7, mixed mode, emulated-client, tiered, compressed oops, compressed class ptrs, g1 gc, linux-amd64)
GC Precious Log:
 CPUs: 8 total, 8 available
 Memory: 3789M
 Large Page Support: Disabled
 NUMA Support: Disabled
 Compressed Oops: Enabled (32-bit)
 Heap Region Size: 1M
 Heap Min Capacity: 8M
 Heap Initial Capacity: 60M
 Heap Max Capacity: 948M
 Pre-touch: Disabled
 Parallel Workers: 8
 Concurrent Workers: 2
 Concurrent Refinement Workers: 8
 Periodic GC: Disabled
Heap:
 garbage-first heap   total 303104K, used 71050K [0x00000000c4c00000, 0x0000000100000000)
  region size 1024K, 9 young (9216K), 9 survivors (9216K)
 Metaspace       used 33921K, committed 34176K, reserved 1081344K
  class space    used 4436K, committed 4544K, reserved 1048576K
GC Heap History (20 events):
Event: 4.060 GC heap after
{Heap after GC invocations=14 (full 0):
 garbage-first heap   total 60416K, used 36563K [0x00000000c4c00000, 0x0000000100000000)
  region size 1024K, 2 young (2048K), 2 survivors (2048K)
 Metaspace       used 32779K, committed 33088K, reserved 1081344K
  class space    used 4222K, committed 4352K, reserved 1048576K
}
Event: 4.106 GC heap before
{Heap before GC invocations=14 (full 0):
 garbage-first heap   total 60416K, used 43731K [0x00000000c4c00000, 0x0000000100000000)
  region size 1024K, 10 young (10240K), 2 survivors (2048K)
 Metaspace       used 33077K, committed 33408K, reserved 1081344K
  class space    used 4271K, committed 4416K, reserved 1048576K
}
Event: 4.118 GC heap after
{Heap after GC invocations=15 (full 0):
 garbage-first heap   total 120832K, used 40634K [0x00000000c4c00000, 0x0000000100000000)
  region size 1024K, 2 young (2048K), 2 survivors (2048K)
 Metaspace       used 33077K, committed 33408K, reserved 1081344K
  class space    used 4271K, committed 4416K, reserved 1048576K
}
Event: 4.285 GC heap before
{Heap before GC invocations=16 (full 0):
 garbage-first heap   total 120832K, used 72378K [0x00000000c4c00000, 0x0000000100000000)
  region size 1024K, 34 young (34816K), 2 survivors (2048K)
 Metaspace       used 33489K, committed 33728K, reserved 1081344K
  class space    used 4375K, committed 4480K, reserved 1048576K
}
Event: 4.290 GC heap after
{Heap after GC invocations=17 (full 0):
 garbage-first heap   total 120832K, used 42947K [0x00000000c4c00000, 0x0000000100000000)
  region size 1024K, 5 young (5120K), 5 survivors (5120K)
 Metaspace       used 33489K, committed 33728K, reserved 1081344K
  class space    used 4375K, committed 4480K, reserved 1048576K
}
Event: 4.295 GC heap before
{Heap before GC invocations=17 (full 0):
 garbage-first heap   total 120832K, used 43971K [0x00000000c4c00000, 0x0000000100000000)
  region size 1024K, 6 young (6144K), 5 survivors (5120K)
 Metaspace       used 33489K, committed 33728K, reserved 1081344K
  class space    used 4375K, committed 4480K, reserved 1048576K
}
Event: 4.299 GC heap after
{Heap after GC invocations=18 (full 0):
 garbage-first heap   total 120832K, used 42940K [0x00000000c4c00000, 0x0000000100000000)
  region size 1024K, 1 young (1024K), 1 survivors (1024K)
 Metaspace       used 33489K, committed 33728K, reserved 1081344K
  class space    used 4375K, committed 4480K, reserved 1048576K
}
Event: 4.326 GC heap before
{Heap before GC invocations=18 (full 0):
 garbage-first heap   total 120832K, used 80828K [0x00000000c4c00000, 0x0000000100000000)
  region size 1024K, 39 young (39936K), 1 survivors (1024K)
 Metaspace       used 33617K, committed 33920K, reserved 1081344K
  class space    used 4393K, committed 4544K, reserved 1048576K
}
Event: 4.330 GC heap after
{Heap after GC invocations=19 (full 0):
 garbage-first heap   total 120832K, used 44572K [0x00000000c4c00000, 0x0000000100000000)
  region size 1024K, 3 young (3072K), 3 survivors (3072K)
 Metaspace       used 33617K, committed 33920K, reserved 1081344K
  class space    used 4393K, committed 4544K, reserved 1048576K
}
Event: 4.351 GC heap before
{Heap before GC invocations=19 (full 0):
 garbage-first heap   total 120832K, used 85532K [0x00000000c4c00000, 0x0000000100000000)
  region size 1024K, 44 young (45056K), 3 survivors (3072K)
 Metaspace       used 33737K, committed 34048K, reserved 1081344K
  class space    used 4410K, committed 4544K, reserved 1048576K
}
Event: 4.356 GC heap after
{Heap after GC invocations=20 (full 0):
 garbage-first heap   total 120832K, used 46406K [0x00000000c4c00000, 0x0000000100000000)
  region size 1024K, 4 young (4096K), 4 survivors (4096K)
 Metaspace       used 33737K, committed 34048K, reserved 1081344K
  class space    used 4410K, committed 4544K, reserved 1048576K
}
Event: 4.371 GC heap before
{Heap before GC invocations=20 (full 0):
 garbage-first heap   total 120832K, used 90438K [0x00000000c4c00000, 0x0000000100000000)
  region size 1024K, 47 young (48128K), 4 survivors (4096K)
 Metaspace       used 33799K, committed 34112K, reserved 1081344K
  class space    used 4423K, committed 4544K, reserved 1048576K
}
Event: 4.379 GC heap after
{Heap after GC invocations=21 (full 0):
 garbage-first heap   total 303104K, used 47937K [0x00000000c4c00000, 0x0000000100000000)
  region size 1024K, 4 young (4096K), 4 survivors (4096K)
 Metaspace       used 33799K, committed 34112K, reserved 1081344K
  class space    used 4423K, committed 4544K, reserved 1048576K
}
Event: 4.481 GC heap before
{Heap before GC invocations=21 (full 0):
 garbage-first heap   total 303104K, used 184129K [0x00000000c4c00000, 0x0000000100000000)
  region size 1024K, 138 young (141312K), 4 survivors (4096K)
 Metaspace       used 33921K, committed 34176K, reserved 1081344K
  class space    used 4436K, committed 4544K, reserved 1048576K
}
Event: 4.500 GC heap after
{Heap after GC invocations=22 (full 0):
 garbage-first heap   total 303104K, used 54355K [0x00000000c4c00000, 0x0000000100000000)
  region size 1024K, 10 young (10240K), 10 survivors (10240K)
 Metaspace       used 33921K, committed 34176K, reserved 1081344K
  class space    used 4436K, committed 4544K, reserved 1048576K
}
Event: 4.706 GC heap before
{Heap before GC invocations=22 (full 0):
 garbage-first heap   total 303104K, used 224339K [0x00000000c4c00000, 0x0000000100000000)
  region size 1024K, 177 young (181248K), 10 survivors (10240K)
 Metaspace       used 33921K, committed 34176K, reserved 1081344K
  class space    used 4436K, committed 4544K, reserved 1048576K
}
Event: 5.069 GC heap after
{Heap after GC invocations=23 (full 0):
 garbage-first heap   total 303104K, used 63002K [0x00000000c4c00000, 0x0000000100000000)
  region size 1024K, 19 young (19456K), 19 survivors (19456K)
 Metaspace       used 33921K, committed 34176K, reserved 1081344K
  class space    used 4436K, committed 4544K, reserved 1048576K
}
Event: 5.166 GC heap before
{Heap before GC invocations=23 (full 0):
 garbage-first heap   total 303104K, used 100890K [0x00000000c4c00000, 0x0000000100000000)
  region size 1024K, 57 young (58368K), 19 survivors (19456K)
 Metaspace       used 33921K, committed 34176K, reserved 1081344K
  class space    used 4436K, committed 4544K, reserved 1048576K
}
Event: 5.370 GC heap after
{Heap after GC invocations=24 (full 0):
 garbage-first heap   total 303104K, used 66425K [0x00000000c4c00000, 0x0000000100000000)
  region size 1024K, 4 young (4096K), 4 survivors (4096K)
 Metaspace       used 33921K, committed 34176K, reserved 1081344K
  class space    used 4436K, committed 4544K, reserved 1048576K
}
Event: 5.740 GC heap before
{Heap before GC invocations=24 (full 0):
 garbage-first heap   total 303104K, used 207737K [0x00000000c4c00000, 0x0000000100000000)
  region size 1024K, 143 young (146432K), 4 survivors (4096K)
 Metaspace       used 33921K, committed 34176K, reserved 1081344K
  class space    used 4436K, committed 4544K, reserved 1048576K
}

