# JRE version: OpenJDK Runtime Environment Temurin-17.0.3+7 (17.0.3+7) (build 17.0.3+7)
# Java VM: OpenJDK 64-Bit Server VM Temurin-17.0.3+7 (17.0.3+7, mixed mode, emulated-client, tiered, compressed oops, compressed class ptrs, g1 gc, linux-amd64)
GC Precious Log:
 CPUs: 8 total, 8 available
 Memory: 3789M
 Large Page Support: Disabled
 NUMA Support: Disabled
 Compressed Oops: Enabled (32-bit)
 Heap Region Size: 1M
 Heap Min Capacity: 8M
 Heap Initial Capacity: 60M
 Heap Max Capacity: 948M
 Pre-touch: Disabled
 Parallel Workers: 8
 Concurrent Workers: 2
 Concurrent Refinement Workers: 8
 Periodic GC: Disabled
Heap:
 garbage-first heap   total 279552K, used 75917K [0x00000000c4c00000, 0x0000000100000000)
  region size 1024K, 15 young (15360K), 15 survivors (15360K)
 Metaspace       used 33924K, committed 34176K, reserved 1081344K
  class space    used 4436K, committed 4544K, reserved 1048576K
GC Heap History (20 events):
Event: 6.452 GC heap after
{Heap after GC invocations=12 (full 0):
 garbage-first heap   total 58368K, used 36641K [0x00000000c4c00000, 0x0000000100000000)
  region size 1024K, 2 young (2048K), 2 survivors (2048K)
 Metaspace       used 32789K, committed 33088K, reserved 1081344K
  class space    used 4215K, committed 4352K, reserved 1048576K
}
Event: 6.486 GC heap before
{Heap before GC invocations=12 (full 0):
 garbage-first heap   total 58368K, used 43809K [0x00000000c4c00000, 0x0000000100000000)
  region size 1024K, 9 young (9216K), 2 survivors (2048K)
 Metaspace       used 32907K, committed 33216K, reserved 1081344K
  class space    used 4236K, committed 4352K, reserved 1048576K
}
Event: 6.492 GC heap after
{Heap after GC invocations=13 (full 0):
 garbage-first heap   total 103424K, used 40926K [0x00000000c4c00000, 0x0000000100000000)
  region size 1024K, 2 young (2048K), 2 survivors (2048K)
 Metaspace       used 32907K, committed 33216K, reserved 1081344K
  class space    used 4236K, committed 4352K, reserved 1048576K
}
Event: 6.624 GC heap before
{Heap before GC invocations=14 (full 0):
 garbage-first heap   total 103424K, used 67550K [0x00000000c4c00000, 0x0000000100000000)
  region size 1024K, 29 young (29696K), 2 survivors (2048K)
 Metaspace       used 33169K, committed 33472K, reserved 1081344K
  class space    used 4300K, committed 4416K, reserved 1048576K
}
Event: 6.635 GC heap after
{Heap after GC invocations=15 (full 0):
 garbage-first heap   total 103424K, used 44635K [0x00000000c4c00000, 0x0000000100000000)
  region size 1024K, 4 young (4096K), 4 survivors (4096K)
 Metaspace       used 33169K, committed 33472K, reserved 1081344K
  class space    used 4300K, committed 4416K, reserved 1048576K
}
Event: 6.638 GC heap before
{Heap before GC invocations=15 (full 0):
 garbage-first heap   total 103424K, used 44635K [0x00000000c4c00000, 0x0000000100000000)
  region size 1024K, 5 young (5120K), 4 survivors (4096K)
 Metaspace       used 33174K, committed 33472K, reserved 1081344K
  class space    used 4300K, committed 4416K, reserved 1048576K
}
Event: 6.643 GC heap after
{Heap after GC invocations=16 (full 0):
 garbage-first heap   total 103424K, used 44984K [0x00000000c4c00000, 0x0000000100000000)
  region size 1024K, 1 young (1024K), 1 survivors (1024K)
 Metaspace       used 33174K, committed 33472K, reserved 1081344K
  class space    used 4300K, committed 4416K, reserved 1048576K
}
Event: 6.656 GC heap before
{Heap before GC invocations=16 (full 0):
 garbage-first heap   total 103424K, used 69560K [0x00000000c4c00000, 0x0000000100000000)
  region size 1024K, 26 young (26624K), 1 survivors (1024K)
 Metaspace       used 33205K, committed 33472K, reserved 1081344K
  class space    used 4304K, committed 4416K, reserved 1048576K
}
Event: 6.659 GC heap after
{Heap after GC invocations=17 (full 0):
 garbage-first heap   total 103424K, used 46164K [0x00000000c4c00000, 0x0000000100000000)
  region size 1024K, 2 young (2048K), 2 survivors (2048K)
 Metaspace       used 33205K, committed 33472K, reserved 1081344K
  class space    used 4304K, committed 4416K, reserved 1048576K
}
Event: 6.684 GC heap before
{Heap before GC invocations=17 (full 0):
 garbage-first heap   total 103424K, used 71764K [0x00000000c4c00000, 0x0000000100000000)
  region size 1024K, 28 young (28672K), 2 survivors (2048K)
 Metaspace       used 33326K, committed 33664K, reserved 1081344K
  class space    used 4325K, committed 4480K, reserved 1048576K
}
Event: 6.687 GC heap after
{Heap after GC invocations=18 (full 0):
 garbage-first heap   total 103424K, used 47287K [0x00000000c4c00000, 0x0000000100000000)
  region size 1024K, 3 young (3072K), 3 survivors (3072K)
 Metaspace       used 33326K, committed 33664K, reserved 1081344K
  class space    used 4325K, committed 4480K, reserved 1048576K
}
Event: 6.701 GC heap before
{Heap before GC invocations=18 (full 0):
 garbage-first heap   total 103424K, used 73911K [0x00000000c4c00000, 0x0000000100000000)
  region size 1024K, 30 young (30720K), 3 survivors (3072K)
 Metaspace       used 33418K, committed 33728K, reserved 1081344K
  class space    used 4341K, committed 4480K, reserved 1048576K
}
Event: 6.709 GC heap after
{Heap after GC invocations=19 (full 0):
 garbage-first heap   total 279552K, used 48450K [0x00000000c4c00000, 0x0000000100000000)
  region size 1024K, 3 young (3072K), 3 survivors (3072K)
 Metaspace       used 33418K, committed 33728K, reserved 1081344K
  class space    used 4341K, committed 4480K, reserved 1048576K
}
Event: 6.847 GC heap before
{Heap before GC invocations=19 (full 0):
 garbage-first heap   total 279552K, used 158018K [0x00000000c4c00000, 0x0000000100000000)
  region size 1024K, 110 young (112640K), 3 survivors (3072K)
 Metaspace       used 33829K, committed 34112K, reserved 1081344K
  class space    used 4427K, committed 4544K, reserved 1048576K
}
Event: 6.856 GC heap after
{Heap after GC invocations=20 (full 0):
 garbage-first heap   total 279552K, used 52961K [0x00000000c4c00000, 0x0000000100000000)
  region size 1024K, 7 young (7168K), 7 survivors (7168K)
 Metaspace       used 33829K, committed 34112K, reserved 1081344K
  class space    used 4427K, committed 4544K, reserved 1048576K
}
Event: 6.958 GC heap before
{Heap before GC invocations=20 (full 0):
 garbage-first heap   total 279552K, used 211681K [0x00000000c4c00000, 0x0000000100000000)
  region size 1024K, 163 young (166912K), 7 survivors (7168K)
 Metaspace       used 33924K, committed 34176K, reserved 1081344K
  class space    used 4436K, committed 4544K, reserved 1048576K
}
Event: 6.971 GC heap after
{Heap after GC invocations=21 (full 0):
 garbage-first heap   total 279552K, used 60747K [0x00000000c4c00000, 0x0000000100000000)
  region size 1024K, 15 young (15360K), 15 survivors (15360K)
 Metaspace       used 33924K, committed 34176K, reserved 1081344K
  class space    used 4436K, committed 4544K, reserved 1048576K
}
Event: 7.052 GC heap before
{Heap before GC invocations=21 (full 0):
 garbage-first heap   total 279552K, used 211275K [0x00000000c4c00000, 0x0000000100000000)
  region size 1024K, 163 young (166912K), 15 survivors (15360K)
 Metaspace       used 33924K, committed 34176K, reserved 1081344K
  class space    used 4436K, committed 4544K, reserved 1048576K
}
Event: 7.066 GC heap after
{Heap after GC invocations=22 (full 0):
 garbage-first heap   total 279552K, used 68442K [0x00000000c4c00000, 0x0000000100000000)
  region size 1024K, 16 young (16384K), 16 survivors (16384K)
 Metaspace       used 33924K, committed 34176K, reserved 1081344K
  class space    used 4436K, committed 4544K, reserved 1048576K
}
Event: 7.123 GC heap before
{Heap before GC invocations=22 (full 0):
 garbage-first heap   total 279552K, used 217946K [0x00000000c4c00000, 0x0000000100000000)
  region size 1024K, 163 young (166912K), 16 survivors (16384K)
 Metaspace       used 33924K, committed 34176K, reserved 1081344K
  class space    used 4436K, committed 4544K, reserved 1048576K
}

