# JRE version: OpenJDK Runtime Environment Temurin-17.0.3+7 (17.0.3+7) (build 17.0.3+7)
# Java VM: OpenJDK 64-Bit Server VM Temurin-17.0.3+7 (17.0.3+7, mixed mode, emulated-client, tiered, compressed oops, compressed class ptrs, g1 gc, linux-amd64)
GC Precious Log:
 CPUs: 8 total, 8 available
 Memory: 3789M
 Large Page Support: Disabled
 NUMA Support: Disabled
 Compressed Oops: Enabled (32-bit)
 Heap Region Size: 1M
 Heap Min Capacity: 8M
 Heap Initial Capacity: 60M
 Heap Max Capacity: 948M
 Pre-touch: Disabled
 Parallel Workers: 8
 Concurrent Workers: 2
 Concurrent Refinement Workers: 8
 Periodic GC: Disabled
Heap:
 garbage-first heap   total 291840K, used 89761K [0x00000000c4c00000, 0x0000000100000000)
  region size 1024K, 18 young (18432K), 18 survivors (18432K)
 Metaspace       used 37180K, committed 37504K, reserved 1089536K
  class space    used 4718K, committed 4864K, reserved 1048576K
GC Heap History (20 events):
Event: 14.237 GC heap after
{Heap after GC invocations=17 (full 0):
 garbage-first heap   total 97280K, used 42432K [0x00000000c4c00000, 0x0000000100000000)
  region size 1024K, 4 young (4096K), 4 survivors (4096K)
 Metaspace       used 33924K, committed 34176K, reserved 1081344K
  class space    used 4435K, committed 4544K, reserved 1048576K
}
Event: 14.239 GC heap before
{Heap before GC invocations=17 (full 0):
 garbage-first heap   total 97280K, used 42432K [0x00000000c4c00000, 0x0000000100000000)
  region size 1024K, 5 young (5120K), 4 survivors (4096K)
 Metaspace       used 33924K, committed 34176K, reserved 1081344K
  class space    used 4435K, committed 4544K, reserved 1048576K
}
Event: 14.245 GC heap after
{Heap after GC invocations=18 (full 0):
 garbage-first heap   total 97280K, used 42403K [0x00000000c4c00000, 0x0000000100000000)
  region size 1024K, 1 young (1024K), 1 survivors (1024K)
 Metaspace       used 33924K, committed 34176K, reserved 1081344K
  class space    used 4435K, committed 4544K, reserved 1048576K
}
Event: 14.431 GC heap before
{Heap before GC invocations=18 (full 0):
 garbage-first heap   total 97280K, used 65955K [0x00000000c4c00000, 0x0000000100000000)
  region size 1024K, 25 young (25600K), 1 survivors (1024K)
 Metaspace       used 34113K, committed 34432K, reserved 1081344K
  class space    used 4450K, committed 4608K, reserved 1048576K
}
Event: 14.444 GC heap after
{Heap after GC invocations=19 (full 0):
 garbage-first heap   total 97280K, used 44046K [0x00000000c4c00000, 0x0000000100000000)
  region size 1024K, 3 young (3072K), 3 survivors (3072K)
 Metaspace       used 34113K, committed 34432K, reserved 1081344K
  class space    used 4450K, committed 4608K, reserved 1048576K
}
Event: 14.468 GC heap before
{Heap before GC invocations=19 (full 0):
 garbage-first heap   total 97280K, used 68622K [0x00000000c4c00000, 0x0000000100000000)
  region size 1024K, 28 young (28672K), 3 survivors (3072K)
 Metaspace       used 34134K, committed 34432K, reserved 1081344K
  class space    used 4452K, committed 4608K, reserved 1048576K
}
Event: 14.481 GC heap after
{Heap after GC invocations=20 (full 0):
 garbage-first heap   total 97280K, used 44932K [0x00000000c4c00000, 0x0000000100000000)
  region size 1024K, 3 young (3072K), 3 survivors (3072K)
 Metaspace       used 34134K, committed 34432K, reserved 1081344K
  class space    used 4452K, committed 4608K, reserved 1048576K
}
Event: 14.494 GC heap before
{Heap before GC invocations=20 (full 0):
 garbage-first heap   total 97280K, used 71556K [0x00000000c4c00000, 0x0000000100000000)
  region size 1024K, 30 young (30720K), 3 survivors (3072K)
 Metaspace       used 34225K, committed 34560K, reserved 1081344K
  class space    used 4456K, committed 4608K, reserved 1048576K
}
Event: 14.503 GC heap after
{Heap after GC invocations=21 (full 0):
 garbage-first heap   total 291840K, used 46105K [0x00000000c4c00000, 0x0000000100000000)
  region size 1024K, 3 young (3072K), 3 survivors (3072K)
 Metaspace       used 34225K, committed 34560K, reserved 1081344K
  class space    used 4456K, committed 4608K, reserved 1048576K
}
Event: 15.500 GC heap before
{Heap before GC invocations=21 (full 0):
 garbage-first heap   total 291840K, used 205849K [0x00000000c4c00000, 0x0000000100000000)
  region size 1024K, 159 young (162816K), 3 survivors (3072K)
 Metaspace       used 34597K, committed 34880K, reserved 1081344K
  class space    used 4482K, committed 4608K, reserved 1048576K
}
Event: 15.521 GC heap after
{Heap after GC invocations=22 (full 0):
 garbage-first heap   total 291840K, used 52771K [0x00000000c4c00000, 0x0000000100000000)
  region size 1024K, 10 young (10240K), 10 survivors (10240K)
 Metaspace       used 34597K, committed 34880K, reserved 1081344K
  class space    used 4482K, committed 4608K, reserved 1048576K
}
Event: 16.964 GC heap before
{Heap before GC invocations=22 (full 0):
 garbage-first heap   total 291840K, used 216611K [0x00000000c4c00000, 0x0000000100000000)
  region size 1024K, 171 young (175104K), 10 survivors (10240K)
 Metaspace       used 36207K, committed 36480K, reserved 1081344K
  class space    used 4599K, committed 4736K, reserved 1048576K
}
Event: 17.570 GC heap after
{Heap after GC invocations=23 (full 0):
 garbage-first heap   total 291840K, used 63668K [0x00000000c4c00000, 0x0000000100000000)
  region size 1024K, 20 young (20480K), 20 survivors (20480K)
 Metaspace       used 36207K, committed 36480K, reserved 1081344K
  class space    used 4599K, committed 4736K, reserved 1048576K
}
Event: 17.574 GC heap before
{Heap before GC invocations=23 (full 0):
 garbage-first heap   total 291840K, used 70836K [0x00000000c4c00000, 0x0000000100000000)
  region size 1024K, 28 young (28672K), 20 survivors (20480K)
 Metaspace       used 36207K, committed 36480K, reserved 1081344K
  class space    used 4599K, committed 4736K, reserved 1048576K
}
Event: 17.589 GC heap after
{Heap after GC invocations=24 (full 0):
 garbage-first heap   total 291840K, used 65875K [0x00000000c4c00000, 0x0000000100000000)
  region size 1024K, 3 young (3072K), 3 survivors (3072K)
 Metaspace       used 36207K, committed 36480K, reserved 1081344K
  class space    used 4599K, committed 4736K, reserved 1048576K
}
Event: 18.433 GC heap before
{Heap before GC invocations=24 (full 0):
 garbage-first heap   total 291840K, used 225619K [0x00000000c4c00000, 0x0000000100000000)
  region size 1024K, 160 young (163840K), 3 survivors (3072K)
 Metaspace       used 36855K, committed 37184K, reserved 1089536K
  class space    used 4667K, committed 4800K, reserved 1048576K
}
Event: 18.443 GC heap after
{Heap after GC invocations=25 (full 0):
 garbage-first heap   total 291840K, used 71584K [0x00000000c4c00000, 0x0000000100000000)
  region size 1024K, 9 young (9216K), 9 survivors (9216K)
 Metaspace       used 36855K, committed 37184K, reserved 1089536K
  class space    used 4667K, committed 4800K, reserved 1048576K
}
Event: 18.707 GC heap before
{Heap before GC invocations=25 (full 0):
 garbage-first heap   total 291840K, used 234400K [0x00000000c4c00000, 0x0000000100000000)
  region size 1024K, 170 young (174080K), 9 survivors (9216K)
 Metaspace       used 36991K, committed 37312K, reserved 1089536K
  class space    used 4693K, committed 4864K, reserved 1048576K
}
Event: 18.750 GC heap after
{Heap after GC invocations=26 (full 0):
 garbage-first heap   total 291840K, used 80825K [0x00000000c4c00000, 0x0000000100000000)
  region size 1024K, 18 young (18432K), 18 survivors (18432K)
 Metaspace       used 36991K, committed 37312K, reserved 1089536K
  class space    used 4693K, committed 4864K, reserved 1048576K
}
Event: 19.132 GC heap before
{Heap before GC invocations=26 (full 0):
 garbage-first heap   total 291840K, used 233401K [0x00000000c4c00000, 0x0000000100000000)
  region size 1024K, 169 young (173056K), 18 survivors (18432K)
 Metaspace       used 37180K, committed 37504K, reserved 1089536K
  class space    used 4718K, committed 4864K, reserved 1048576K
}

