# JRE version: OpenJDK Runtime Environment Temurin-17.0.3+7 (17.0.3+7) (build 17.0.3+7)
# Java VM: OpenJDK 64-Bit Server VM Temurin-17.0.3+7 (17.0.3+7, mixed mode, emulated-client, tiered, compressed oops, compressed class ptrs, g1 gc, linux-amd64)
GC Precious Log:
 CPUs: 8 total, 8 available
 Memory: 3789M
 Large Page Support: Disabled
 NUMA Support: Disabled
 Compressed Oops: Enabled (32-bit)
 Heap Region Size: 1M
 Heap Min Capacity: 8M
 Heap Initial Capacity: 60M
 Heap Max Capacity: 948M
 Pre-touch: Disabled
 Parallel Workers: 8
 Concurrent Workers: 2
 Concurrent Refinement Workers: 8
 Periodic GC: Disabled
Heap:
 garbage-first heap   total 222208K, used 70734K [0x00000000c4c00000, 0x0000000100000000)
  region size 1024K, 12 young (12288K), 12 survivors (12288K)
 Metaspace       used 33921K, committed 34176K, reserved 1081344K
  class space    used 4433K, committed 4544K, reserved 1048576K
GC Heap History (20 events):
Event: 3.283 GC heap after
{Heap after GC invocations=10 (full 0):
 garbage-first heap   total 54272K, used 30052K [0x00000000c4c00000, 0x0000000100000000)
  region size 1024K, 3 young (3072K), 3 survivors (3072K)
 Metaspace       used 31675K, committed 32000K, reserved 1081344K
  class space    used 4044K, committed 4224K, reserved 1048576K
}
Event: 3.410 GC heap before
{Heap before GC invocations=10 (full 0):
 garbage-first heap   total 54272K, used 37220K [0x00000000c4c00000, 0x0000000100000000)
  region size 1024K, 11 young (11264K), 3 survivors (3072K)
 Metaspace       used 32191K, committed 32448K, reserved 1081344K
  class space    used 4118K, committed 4224K, reserved 1048576K
}
Event: 3.415 GC heap after
{Heap after GC invocations=11 (full 0):
 garbage-first heap   total 108544K, used 32108K [0x00000000c4c00000, 0x0000000100000000)
  region size 1024K, 2 young (2048K), 2 survivors (2048K)
 Metaspace       used 32191K, committed 32448K, reserved 1081344K
  class space    used 4118K, committed 4224K, reserved 1048576K
}
Event: 3.718 GC heap before
{Heap before GC invocations=12 (full 0):
 garbage-first heap   total 108544K, used 65900K [0x00000000c4c00000, 0x0000000100000000)
  region size 1024K, 36 young (36864K), 2 survivors (2048K)
 Metaspace       used 33287K, committed 33600K, reserved 1081344K
  class space    used 4332K, committed 4480K, reserved 1048576K
}
Event: 3.731 GC heap after
{Heap after GC invocations=13 (full 0):
 garbage-first heap   total 108544K, used 41457K [0x00000000c4c00000, 0x0000000100000000)
  region size 1024K, 5 young (5120K), 5 survivors (5120K)
 Metaspace       used 33287K, committed 33600K, reserved 1081344K
  class space    used 4332K, committed 4480K, reserved 1048576K
}
Event: 3.765 GC heap before
{Heap before GC invocations=13 (full 0):
 garbage-first heap   total 108544K, used 69105K [0x00000000c4c00000, 0x0000000100000000)
  region size 1024K, 33 young (33792K), 5 survivors (5120K)
 Metaspace       used 33346K, committed 33664K, reserved 1081344K
  class space    used 4344K, committed 4480K, reserved 1048576K
}
Event: 3.776 GC heap after
{Heap after GC invocations=14 (full 0):
 garbage-first heap   total 108544K, used 43879K [0x00000000c4c00000, 0x0000000100000000)
  region size 1024K, 2 young (2048K), 2 survivors (2048K)
 Metaspace       used 33346K, committed 33664K, reserved 1081344K
  class space    used 4344K, committed 4480K, reserved 1048576K
}
Event: 3.822 GC heap before
{Heap before GC invocations=14 (full 0):
 garbage-first heap   total 108544K, used 73575K [0x00000000c4c00000, 0x0000000100000000)
  region size 1024K, 33 young (33792K), 2 survivors (2048K)
 Metaspace       used 33473K, committed 33728K, reserved 1081344K
  class space    used 4363K, committed 4480K, reserved 1048576K
}
Event: 3.826 GC heap after
{Heap after GC invocations=15 (full 0):
 garbage-first heap   total 108544K, used 45086K [0x00000000c4c00000, 0x0000000100000000)
  region size 1024K, 4 young (4096K), 4 survivors (4096K)
 Metaspace       used 33473K, committed 33728K, reserved 1081344K
  class space    used 4363K, committed 4480K, reserved 1048576K
}
Event: 3.848 GC heap before
{Heap before GC invocations=15 (full 0):
 garbage-first heap   total 108544K, used 76830K [0x00000000c4c00000, 0x0000000100000000)
  region size 1024K, 36 young (36864K), 4 survivors (4096K)
 Metaspace       used 33576K, committed 33856K, reserved 1081344K
  class space    used 4383K, committed 4480K, reserved 1048576K
}
Event: 3.853 GC heap after
{Heap after GC invocations=16 (full 0):
 garbage-first heap   total 108544K, used 46396K [0x00000000c4c00000, 0x0000000100000000)
  region size 1024K, 3 young (3072K), 3 survivors (3072K)
 Metaspace       used 33576K, committed 33856K, reserved 1081344K
  class space    used 4383K, committed 4480K, reserved 1048576K
}
Event: 3.870 GC heap before
{Heap before GC invocations=16 (full 0):
 garbage-first heap   total 108544K, used 79164K [0x00000000c4c00000, 0x0000000100000000)
  region size 1024K, 36 young (36864K), 3 survivors (3072K)
 Metaspace       used 33627K, committed 33920K, reserved 1081344K
  class space    used 4388K, committed 4544K, reserved 1048576K
}
Event: 3.876 GC heap after
{Heap after GC invocations=17 (full 0):
 garbage-first heap   total 222208K, used 47943K [0x00000000c4c00000, 0x0000000100000000)
  region size 1024K, 4 young (4096K), 4 survivors (4096K)
 Metaspace       used 33627K, committed 33920K, reserved 1081344K
  class space    used 4388K, committed 4544K, reserved 1048576K
}
Event: 3.966 GC heap before
{Heap before GC invocations=17 (full 0):
 garbage-first heap   total 222208K, used 165703K [0x00000000c4c00000, 0x0000000100000000)
  region size 1024K, 120 young (122880K), 4 survivors (4096K)
 Metaspace       used 33831K, committed 34112K, reserved 1081344K
  class space    used 4416K, committed 4544K, reserved 1048576K
}
Event: 3.977 GC heap after
{Heap after GC invocations=18 (full 0):
 garbage-first heap   total 222208K, used 52901K [0x00000000c4c00000, 0x0000000100000000)
  region size 1024K, 8 young (8192K), 8 survivors (8192K)
 Metaspace       used 33831K, committed 34112K, reserved 1081344K
  class space    used 4416K, committed 4544K, reserved 1048576K
}
Event: 4.074 GC heap before
{Heap before GC invocations=18 (full 0):
 garbage-first heap   total 222208K, used 169637K [0x00000000c4c00000, 0x0000000100000000)
  region size 1024K, 124 young (126976K), 8 survivors (8192K)
 Metaspace       used 33921K, committed 34176K, reserved 1081344K
  class space    used 4433K, committed 4544K, reserved 1048576K
}
Event: 4.095 GC heap after
{Heap after GC invocations=19 (full 0):
 garbage-first heap   total 222208K, used 59070K [0x00000000c4c00000, 0x0000000100000000)
  region size 1024K, 14 young (14336K), 14 survivors (14336K)
 Metaspace       used 33921K, committed 34176K, reserved 1081344K
  class space    used 4433K, committed 4544K, reserved 1048576K
}
Event: 4.173 GC heap before
{Heap before GC invocations=19 (full 0):
 garbage-first heap   total 222208K, used 173758K [0x00000000c4c00000, 0x0000000100000000)
  region size 1024K, 127 young (130048K), 14 survivors (14336K)
 Metaspace       used 33921K, committed 34176K, reserved 1081344K
  class space    used 4433K, committed 4544K, reserved 1048576K
}
Event: 4.197 GC heap after
{Heap after GC invocations=20 (full 0):
 garbage-first heap   total 222208K, used 64662K [0x00000000c4c00000, 0x0000000100000000)
  region size 1024K, 12 young (12288K), 12 survivors (12288K)
 Metaspace       used 33921K, committed 34176K, reserved 1081344K
  class space    used 4433K, committed 4544K, reserved 1048576K
}
Event: 4.293 GC heap before
{Heap before GC invocations=20 (full 0):
 garbage-first heap   total 222208K, used 177302K [0x00000000c4c00000, 0x0000000100000000)
  region size 1024K, 123 young (125952K), 12 survivors (12288K)
 Metaspace       used 33921K, committed 34176K, reserved 1081344K
  class space    used 4433K, committed 4544K, reserved 1048576K
}

