# JRE version: OpenJDK Runtime Environment Temurin-17.0.3+7 (17.0.3+7) (build 17.0.3+7)
# Java VM: OpenJDK 64-Bit Server VM Temurin-17.0.3+7 (17.0.3+7, mixed mode, emulated-client, tiered, compressed oops, compressed class ptrs, g1 gc, linux-amd64)
GC Precious Log:
 CPUs: 8 total, 8 available
 Memory: 3789M
 Large Page Support: Disabled
 NUMA Support: Disabled
 Compressed Oops: Enabled (32-bit)
 Heap Region Size: 1M
 Heap Min Capacity: 8M
 Heap Initial Capacity: 60M
 Heap Max Capacity: 948M
 Pre-touch: Disabled
 Parallel Workers: 8
 Concurrent Workers: 2
 Concurrent Refinement Workers: 8
 Periodic GC: Disabled
Heap:
 garbage-first heap   total 208896K, used 68642K [0x00000000c4c00000, 0x0000000100000000)
  region size 1024K, 11 young (11264K), 11 survivors (11264K)
 Metaspace       used 33918K, committed 34176K, reserved 1081344K
  class space    used 4431K, committed 4544K, reserved 1048576K
GC Heap History (20 events):
Event: 2.772 GC heap after
{Heap after GC invocations=10 (full 0):
 garbage-first heap   total 54272K, used 29968K [0x00000000c4c00000, 0x0000000100000000)
  region size 1024K, 3 young (3072K), 3 survivors (3072K)
 Metaspace       used 31816K, committed 32128K, reserved 1081344K
  class space    used 4065K, committed 4224K, reserved 1048576K
}
Event: 2.897 GC heap before
{Heap before GC invocations=10 (full 0):
 garbage-first heap   total 54272K, used 38160K [0x00000000c4c00000, 0x0000000100000000)
  region size 1024K, 12 young (12288K), 3 survivors (3072K)
 Metaspace       used 32420K, committed 32704K, reserved 1081344K
  class space    used 4150K, committed 4288K, reserved 1048576K
}
Event: 2.901 GC heap after
{Heap after GC invocations=11 (full 0):
 garbage-first heap   total 103424K, used 32558K [0x00000000c4c00000, 0x0000000100000000)
  region size 1024K, 2 young (2048K), 2 survivors (2048K)
 Metaspace       used 32420K, committed 32704K, reserved 1081344K
  class space    used 4150K, committed 4288K, reserved 1048576K
}
Event: 3.169 GC heap before
{Heap before GC invocations=12 (full 0):
 garbage-first heap   total 103424K, used 63278K [0x00000000c4c00000, 0x0000000100000000)
  region size 1024K, 33 young (33792K), 2 survivors (2048K)
 Metaspace       used 33512K, committed 33856K, reserved 1081344K
  class space    used 4376K, committed 4544K, reserved 1048576K
}
Event: 3.183 GC heap after
{Heap after GC invocations=13 (full 0):
 garbage-first heap   total 103424K, used 41584K [0x00000000c4c00000, 0x0000000100000000)
  region size 1024K, 5 young (5120K), 5 survivors (5120K)
 Metaspace       used 33512K, committed 33856K, reserved 1081344K
  class space    used 4376K, committed 4544K, reserved 1048576K
}
Event: 3.227 GC heap before
{Heap before GC invocations=13 (full 0):
 garbage-first heap   total 103424K, used 68208K [0x00000000c4c00000, 0x0000000100000000)
  region size 1024K, 32 young (32768K), 5 survivors (5120K)
 Metaspace       used 33585K, committed 33920K, reserved 1081344K
  class space    used 4393K, committed 4544K, reserved 1048576K
}
Event: 3.233 GC heap after
{Heap after GC invocations=14 (full 0):
 garbage-first heap   total 103424K, used 44345K [0x00000000c4c00000, 0x0000000100000000)
  region size 1024K, 3 young (3072K), 3 survivors (3072K)
 Metaspace       used 33585K, committed 33920K, reserved 1081344K
  class space    used 4393K, committed 4544K, reserved 1048576K
}
Event: 3.247 GC heap before
{Heap before GC invocations=14 (full 0):
 garbage-first heap   total 103424K, used 70969K [0x00000000c4c00000, 0x0000000100000000)
  region size 1024K, 30 young (30720K), 3 survivors (3072K)
 Metaspace       used 33672K, committed 33984K, reserved 1081344K
  class space    used 4400K, committed 4544K, reserved 1048576K
}
Event: 3.251 GC heap after
{Heap after GC invocations=15 (full 0):
 garbage-first heap   total 103424K, used 45269K [0x00000000c4c00000, 0x0000000100000000)
  region size 1024K, 3 young (3072K), 3 survivors (3072K)
 Metaspace       used 33672K, committed 33984K, reserved 1081344K
  class space    used 4400K, committed 4544K, reserved 1048576K
}
Event: 3.268 GC heap before
{Heap before GC invocations=15 (full 0):
 garbage-first heap   total 103424K, used 74965K [0x00000000c4c00000, 0x0000000100000000)
  region size 1024K, 33 young (33792K), 3 survivors (3072K)
 Metaspace       used 33788K, committed 34048K, reserved 1081344K
  class space    used 4418K, committed 4544K, reserved 1048576K
}
Event: 3.272 GC heap after
{Heap after GC invocations=16 (full 0):
 garbage-first heap   total 103424K, used 46772K [0x00000000c4c00000, 0x0000000100000000)
  region size 1024K, 3 young (3072K), 3 survivors (3072K)
 Metaspace       used 33788K, committed 34048K, reserved 1081344K
  class space    used 4418K, committed 4544K, reserved 1048576K
}
Event: 3.285 GC heap before
{Heap before GC invocations=16 (full 0):
 garbage-first heap   total 103424K, used 76468K [0x00000000c4c00000, 0x0000000100000000)
  region size 1024K, 33 young (33792K), 3 survivors (3072K)
 Metaspace       used 33838K, committed 34112K, reserved 1081344K
  class space    used 4425K, committed 4544K, reserved 1048576K
}
Event: 3.289 GC heap after
{Heap after GC invocations=17 (full 0):
 garbage-first heap   total 208896K, used 48608K [0x00000000c4c00000, 0x0000000100000000)
  region size 1024K, 4 young (4096K), 4 survivors (4096K)
 Metaspace       used 33838K, committed 34112K, reserved 1081344K
  class space    used 4425K, committed 4544K, reserved 1048576K
}
Event: 3.332 GC heap before
{Heap before GC invocations=17 (full 0):
 garbage-first heap   total 208896K, used 159200K [0x00000000c4c00000, 0x0000000100000000)
  region size 1024K, 112 young (114688K), 4 survivors (4096K)
 Metaspace       used 33853K, committed 34112K, reserved 1081344K
  class space    used 4428K, committed 4544K, reserved 1048576K
}
Event: 3.338 GC heap after
{Heap after GC invocations=18 (full 0):
 garbage-first heap   total 208896K, used 52716K [0x00000000c4c00000, 0x0000000100000000)
  region size 1024K, 8 young (8192K), 8 survivors (8192K)
 Metaspace       used 33853K, committed 34112K, reserved 1081344K
  class space    used 4428K, committed 4544K, reserved 1048576K
}
Event: 3.380 GC heap before
{Heap before GC invocations=18 (full 0):
 garbage-first heap   total 208896K, used 161260K [0x00000000c4c00000, 0x0000000100000000)
  region size 1024K, 115 young (117760K), 8 survivors (8192K)
 Metaspace       used 33918K, committed 34176K, reserved 1081344K
  class space    used 4431K, committed 4544K, reserved 1048576K
}
Event: 3.388 GC heap after
{Heap after GC invocations=19 (full 0):
 garbage-first heap   total 208896K, used 58322K [0x00000000c4c00000, 0x0000000100000000)
  region size 1024K, 13 young (13312K), 13 survivors (13312K)
 Metaspace       used 33918K, committed 34176K, reserved 1081344K
  class space    used 4431K, committed 4544K, reserved 1048576K
}
Event: 3.427 GC heap before
{Heap before GC invocations=19 (full 0):
 garbage-first heap   total 208896K, used 164818K [0x00000000c4c00000, 0x0000000100000000)
  region size 1024K, 118 young (120832K), 13 survivors (13312K)
 Metaspace       used 33918K, committed 34176K, reserved 1081344K
  class space    used 4431K, committed 4544K, reserved 1048576K
}
Event: 3.438 GC heap after
{Heap after GC invocations=20 (full 0):
 garbage-first heap   total 208896K, used 63944K [0x00000000c4c00000, 0x0000000100000000)
  region size 1024K, 12 young (12288K), 12 survivors (12288K)
 Metaspace       used 33918K, committed 34176K, reserved 1081344K
  class space    used 4431K, committed 4544K, reserved 1048576K
}
Event: 3.475 GC heap before
{Heap before GC invocations=20 (full 0):
 garbage-first heap   total 208896K, used 166344K [0x00000000c4c00000, 0x0000000100000000)
  region size 1024K, 113 young (115712K), 12 survivors (12288K)
 Metaspace       used 33918K, committed 34176K, reserved 1081344K
  class space    used 4431K, committed 4544K, reserved 1048576K
}

